JSON validation passed.
JSON file: _tasks/_in-progress/2026-03-11_refetch-discussion_2/checklist.json
Prompt file: _tasks/_in-progress/2026-03-11_refetch-discussion_2/instruction.md
Max iterations: 30
Stop on manual test: disabled (default)
Plan phase: skipped (--no-plan)
Total items: 10 (10 unprocessed)
---

=== Iteration 1 / 30 — Item 0: The Dehumanizing Rise of the AI Job Interview ===

--- Execution phase (no plan) ---
The item has a valid HN discussion URL. Now scraping the discussion page.
Now fetching HN API metadata.
Now fetching Group B fields.
Now building and validating the patch payload.
Validation passed. Now applying the patch.
Patch applied successfully.

<output>{
  "hnScore": 23,
  "hnCommentCount": 17,
  "previousHnCommentCount": 13,
  "commentGrowth": "31%",
  "sentimentCommunity": -65,
  "controversyScore": 18,
  "discussionRefetchCount": 1,
  "discussionNeedsRefetch": true,
  "reason": "Comment count grew 31% (13→17) and post is less than 1 day old — still active, flagged for refetch"
}</output>

<promise>COMPLETE</promise>

[ralph_json] Item 0: COMPLETE (execution phase, iteration 1).

=== Iteration 2 / 30 — Item 1: Perplexity's Objective-Driven AI Operating System ===

--- Execution phase (no plan) ---
Good, the `discussionUrl` contains `news.ycombinator.com/item?id=` so we proceed. Now scraping the HN discussion.
Very early discussion — only 1 comment visible. Now fetching HN API metadata and Group B fields in parallel.
**Staleness check:** API shows 2 descendants, scrape showed 1 comment — not 3x, no stale flag.

**Activity assessment:**
- `discussionRefetchCount`: null (first refetch)
- Previous `hnCommentCount`: 1 → new: 2 (100% growth)
- Post age: < 1 day old
- Decision: `discussionNeedsRefetch: true` (comment growth 100%, post is brand new)

Now building the patch payload and summarizing the discussion.
Validation passed. Applying the patch.
Patch applied successfully.

<output>{
  "hnScore": 13,
  "hnCommentCount": 2,
  "previousHnCommentCount": 1,
  "commentGrowth": "100%",
  "sentimentCommunity": -10,
  "controversyScore": 5,
  "discussionRefetchCount": 1,
  "discussionNeedsRefetch": true,
  "reason": "Post is less than 1 day old with 100% comment growth — discussion just getting started, refetch warranted"
}</output>

<promise>COMPLETE</promise>

[ralph_json] Item 1: COMPLETE (execution phase, iteration 2).

=== Iteration 3 / 30 — Item 2: Prism: The All-In-One AI Video Creation Hub ===

--- Execution phase (no plan) ---
Good, the `discussionUrl` is valid. Now scraping the HN discussion page.
Now fetching HN API metadata and Group B fields in parallel.
**HN API:** score=23, descendants=14. **Group B:** previous hnCommentCount=13, refetchCount=null (0), savedAt=today.

**Staleness check:** 13 visible comments vs 14 API descendants — not stale (not 3x).

**Activity assessment:** First refetch, 7.7% comment growth (13→14), post is <3 days old but only 14 comments (not 50+). → `discussionNeedsRefetch: false`.

Now building the patch payload and validating.
Validation passed. Applying the patch.
Patch applied successfully.

<output>{
  "hnScore": 23,
  "hnCommentCount": 14,
  "previousHnCommentCount": 13,
  "commentGrowth": "7.7%",
  "sentimentCommunity": 10,
  "controversyScore": 35,
  "discussionRefetchCount": 1,
  "discussionNeedsRefetch": false,
  "reason": "First refetch, only 7.7% comment growth (13→14), post is new but under 50 comments — discussion not showing signs of continued growth"
}</output>

<promise>COMPLETE</promise>

[ralph_json] Item 2: COMPLETE (execution phase, iteration 3).

=== Iteration 4 / 30 — Item 3: Hisense TVs Spark Outrage with Intrusive UI Ads ===

--- Execution phase (no plan) ---
Good, the discussion URL is valid. Now let me scrape the HN discussion page.
Good, I have the scraped content. Now let me fetch HN API data and Group B fields in parallel.
Now I have all the data. Let me analyze:

**Staleness check:** 14 comments visible in scrape, API shows 33 descendants → 33/14 = 2.36x (below 3x threshold, not stale)

**Activity assessment:**
- Previous hnCommentCount: 15 → New: 33 = **120% growth** (way above 20% threshold)
- RefetchCount: 0 (first refetch), post < 1 day old → `discussionNeedsRefetch: true`

Now let me build and validate the patch payload.
Validation passed. Now applying the patch.
Patch applied successfully.

<output>{
  "hnScore": 74,
  "hnCommentCount": 33,
  "previousHnCommentCount": 15,
  "commentGrowth": "120%",
  "sentimentCommunity": -68,
  "controversyScore": 22,
  "discussionRefetchCount": 1,
  "discussionNeedsRefetch": true,
  "reason": "First refetch, 120% comment growth on a brand-new post (< 1 day old) — discussion still actively growing"
}</output>

<promise>COMPLETE</promise>

[ralph_json] Item 3: COMPLETE (execution phase, iteration 4).

=== Iteration 5 / 30 — Item 4: The MacBook Neo: Apple's $600 iPad Killer ===

--- Execution phase (no plan) ---
Good, `discussionUrl` is present. Now scraping the HN discussion.
Now fetching HN API metadata and Group B fields in parallel.
Now I have all the data needed. Let me build the analysis.

**Staleness check:** Scraped content showed "370 comments" in header. HN API shows 414 descendants. 414/370 ≈ 1.12x — not stale (not 3x+).

**Activity assessment:** Post is `savedAt` 2026-03-11, today is 2026-03-11 — less than 1 day old. `discussionRefetchCount` is null (= 0, first refetch). Post has 414 comments — significant engagement. Per decision logic: post < 3 days old with 50+ comments → `discussionNeedsRefetch: true`.
Validation passed. Applying the patch.
Patch applied successfully.

<output>{
  "hnScore": 231,
  "hnCommentCount": 414,
  "previousHnCommentCount": 370,
  "commentGrowth": "12%",
  "sentimentCommunity": 35,
  "controversyScore": 42,
  "discussionRefetchCount": 1,
  "discussionNeedsRefetch": true,
  "staleScrape": false,
  "reason": "Post is less than 1 day old with 414 comments (significant engagement) — flagged for refetch per first-refetch lenient logic (post < 3 days old with 50+ comments)"
}</output>

<promise>COMPLETE</promise>

[ralph_json] Item 4: COMPLETE (execution phase, iteration 5).

=== Iteration 6 / 30 — Item 5: Hacker News: Standards for Intellectual Curiosity and Civil Discourse ===

--- Execution phase (no plan) ---
Good. The `discussionUrl` is valid. Now scraping the HN discussion page.
Now I have the full discussion. Let me fetch the HN API metadata and Group B fields in parallel.
I have everything I need. Key findings:
- Scraped content: 102 comments visible
- HN API: 360 descendants → 3.53x ratio → **stale scrape**, force refetch
- Previous `hnCommentCount`: 112 → new: 360 → 221% growth
- Post age: <1 day (savedAt: 2026-03-11, very fresh)
- `discussionRefetchCount`: null → 0 (first)

Now composing the patch payload:
Patch applied successfully.

<output>{
  "hnScore": 798,
  "hnCommentCount": 360,
  "previousHnCommentCount": 112,
  "commentGrowth": "221%",
  "sentimentCommunity": 18,
  "controversyScore": 48,
  "discussionRefetchCount": 1,
  "discussionNeedsRefetch": true,
  "staleScrape": true,
  "reason": "Scrape showed 102 comments vs 360 in HN API (3.53x ratio >= 3x threshold) — stale Firecrawl cache. Post is <1 day old with 221% comment growth from 112 to 360. Forcing refetch for fresh scrape."
}</output>

<promise>COMPLETE</promise>

[ralph_json] Item 5: COMPLETE (execution phase, iteration 6).

=== Iteration 7 / 30 — Item 6: Grammarly's AI 'Expert' Avatars Spark Ethical Outrage ===

--- Execution phase (no plan) ---
Good. Now Step 2 — scrape the HN discussion.
I have enough of the discussion. Now let me fetch the HN API and Group B fields in parallel.
Now I have all the data I need. Let me build and validate the patch payload.

**Summary of analysis:**
- HN: score=131, descendants=198 (up from 127 stored)
- Comment growth: 55.9% (71 new comments)
- Post age: ~2 days (saved 2026-03-09)
- RefetchCount: null (first refetch)
- Decision: `discussionNeedsRefetch = true` (>20% growth, post <3 days old)
Validation passed. Now applying the patch.
Patch applied successfully.

<output>{
  "hnScore": 131,
  "hnCommentCount": 198,
  "previousHnCommentCount": 127,
  "commentGrowth": "55.9%",
  "sentimentCommunity": -65,
  "controversyScore": 32,
  "discussionRefetchCount": 1,
  "discussionNeedsRefetch": true,
  "reason": "First refetch; 55.9% comment growth (71 new comments) and post is only ~2 days old with strong engagement (198 comments) — still actively discussed"
}</output>

<promise>COMPLETE</promise>

[ralph_json] Item 6: COMPLETE (execution phase, iteration 7).

=== Iteration 8 / 30 — Item 7: Building Procedural Hex Worlds with WebGPU ===

--- Execution phase (no plan) ---
Good, the item has a valid HN discussion URL. Now let me scrape it.
Now let me fetch the HN API metadata and Group B fields in parallel.
Now I have all the data needed. Let me analyze and compose the patch.

**Key findings:**
- HN API: score=569, descendants=85
- Previous `hnCommentCount`: 10 → new: 85 (750% growth!)
- `savedAt`: 2026-03-09 (~2 days old)
- `discussionRefetchCount`: null (first refetch)
- Scraped ~72 comments; API shows 85 descendants → ratio ~1.18x, NOT stale
- Decision: `discussionNeedsRefetch: true` (750% comment growth, post only 2 days old)
Validation passed. Now applying the patch.
Patch applied successfully.

<output>{
  "hnScore": 569,
  "hnCommentCount": 85,
  "previousHnCommentCount": 10,
  "commentGrowth": "750%",
  "sentimentCommunity": 62,
  "controversyScore": 32,
  "discussionRefetchCount": 1,
  "discussionNeedsRefetch": true,
  "staleScrape": false,
  "reason": "Comment count grew 750% (10 → 85) on a post only 2 days old; first refetch — flagging active for another pass"
}</output>

<promise>COMPLETE</promise>

[ralph_json] Item 7: COMPLETE (execution phase, iteration 8).

=== Iteration 9 / 30 — Item 8: Agent Kanban: Persistent AI Task Management for VS Code ===

--- Execution phase (no plan) ---
Good. The `discussionUrl` is valid. Now scraping the HN discussion page.
Now fetching HN API metrics and Group B fields in parallel.
Now I'll write the patch payload and validate it.
Validation passed. Now applying the patch.
Patch applied successfully.

**Staleness check:** Scrape showed ~48 comments, API reports 51 descendants — ratio is 1.06x, well below the 3x stale threshold. Not stale.

**Activity assessment:** Post is 2 days old (saved 2026-03-09), first refetch (refetchCount was null/0), with 51 comments — exceeds the 50+ comment threshold for a <3-day-old post. `discussionNeedsRefetch: true`.

<output>{
  "hnScore": 98,
  "hnCommentCount": 51,
  "previousHnCommentCount": 0,
  "commentGrowth": "first fetch",
  "sentimentCommunity": 45,
  "controversyScore": 28,
  "discussionRefetchCount": 1,
  "discussionNeedsRefetch": true,
  "staleScrape": false,
  "reason": "First refetch; post is 2 days old with 51 comments — meets the <3 days + 50+ comments threshold for continued monitoring"
}</output>

<promise>COMPLETE</promise>

[ralph_json] Item 8: COMPLETE (execution phase, iteration 9).

=== Iteration 10 / 30 — Item 9: AI Agents: The Missing Link for Literate Programming ===

--- Execution phase (no plan) ---
The item has a valid HN discussion URL. Now scraping the discussion.
HN API: score=292, descendants=253. Now let me process the discussion content via an agent.
Excellent analysis. Now fetching Group B fields.
**Activity Assessment:**
- Previous hnCommentCount: 95 → New: 253 → **166% growth**
- Post age: ~2 days (savedAt: 2026-03-09)
- discussionRefetchCount: null (first refetch)
- Scraped comments: ~246 vs API: 253 → ratio ~1.03x → **not stale**
- Decision: `discussionNeedsRefetch: true` (massive growth + young post)

Now building and validating the patch payload.
Validation passed. Applying the patch.
Patch applied successfully.

<output>{
  "hnScore": 292,
  "hnCommentCount": 253,
  "previousHnCommentCount": 95,
  "commentGrowth": "166%",
  "sentimentCommunity": 15,
  "controversyScore": 65,
  "discussionRefetchCount": 1,
  "discussionNeedsRefetch": true,
  "staleScrape": false,
  "reason": "Massive comment growth (166%, 95→253) on a 2-day-old post — discussion is highly active and still accumulating. First refetch, lenient threshold easily met."
}</output>

<promise>COMPLETE</promise>

[ralph_json] Item 9: COMPLETE (execution phase, iteration 10).

=== No more unprocessed items. ===
Summary: 10 complete, 0 errors, 0 needs_human_test, 0 unprocessed
