JSON validation passed.
JSON file: _tasks/_in-progress/2026-03-13_discussion-update_3/checklist.json
Prompt file: _tasks/_in-progress/2026-03-13_discussion-update_3/instruction.md
Max iterations: 6
Stop on manual test: disabled (default)
Plan phase: skipped (--no-plan)
Total items: 6 (6 unprocessed)
---

=== Iteration 1 / 6 — Item 0: The End of Writing Code: A Developer's AI Productivity Explosion ===

--- Execution phase (no plan) ---
The item has a valid HN discussion URL. Now let me scrape the discussion page.
Good, the content is readable now. Let me read more of the discussion to get a full picture.
Now let me fetch the HN API data and Group B fields in parallel.
Now I have all the data I need. Let me analyze and create the patch.

**Staleness check**: API shows 143 comments, scrape shows ~138 author mentions. Ratio ≈ 1.04x, not stale.

**Activity assessment**: 
- `discussionRefetchCount`: 1 (second refetch, be strict)
- Previous `hnCommentCount`: 142, New: 143 → growth of 0.7% (far below 50% threshold)
- Post age: saved 2026-03-09, now 2026-03-13 → 4 days old (< 5 days, but growth requirement not met)
- Decision: `discussionNeedsRefetch: false`
Patch applied successfully.

<output>{
  "hnScore": 84,
  "hnCommentCount": 143,
  "previousHnCommentCount": 142,
  "commentGrowth": "0.7%",
  "sentimentCommunity": -10,
  "controversyScore": 72,
  "discussionRefetchCount": 2,
  "discussionNeedsRefetch": false,
  "reason": "Second refetch (strict mode): comment growth only 0.7% (142→143), far below the 50% threshold. Discussion has settled after 4 days."
}</output>

<promise>COMPLETE</promise>

[ralph_json] Item 0: COMPLETE (execution phase, iteration 1).

=== Iteration 2 / 6 — Item 1: Grammarly's AI 'Expert' Avatars Spark Ethical Outrage ===

--- Execution phase (no plan) ---
Now let me fetch the HN API data and Group B fields simultaneously.
Now I have all the data I need. Let me get the current timestamp and prepare the patch payload.
The document has been successfully patched. Here's the summary:

<output>{
  "hnScore": 132,
  "hnCommentCount": 201,
  "previousHnCommentCount": 201,
  "commentGrowth": "0%",
  "sentimentCommunity": -68,
  "controversyScore": 38,
  "discussionRefetchCount": 3,
  "discussionNeedsRefetch": false,
  "staleScrape": false,
  "reason": "No comment growth (0%), post is 4 days old, and this is the 3rd refetch — discussion has settled"
}</output>

<promise>COMPLETE</promise>

[ralph_json] Item 1: COMPLETE (execution phase, iteration 2).

=== Iteration 3 / 6 — Item 2: Building Procedural Hex Worlds with WebGPU ===

--- Execution phase (no plan) ---
The `discussionUrl` is valid. Now let me scrape the HN discussion page.
Now let me fetch the HN API data and Group B fields simultaneously.
Now let me get the current timestamp and build the payload.
Validation passed. Now applying the patch.
Patch applied successfully.

<output>{
  "hnScore": 573,
  "hnCommentCount": 85,
  "previousHnCommentCount": 85,
  "commentGrowth": "0%",
  "sentimentCommunity": 62,
  "controversyScore": 28,
  "discussionRefetchCount": 3,
  "discussionNeedsRefetch": false,
  "staleScrape": false,
  "reason": "Third+ refetch with zero comment growth (85 → 85) and post is 4 days old. Discussion has fully settled. Scrape was not stale (scraped 85 comments, API shows 85 descendants)."
}</output>

<promise>COMPLETE</promise>

[ralph_json] Item 2: COMPLETE (execution phase, iteration 3).

=== Iteration 4 / 6 — Item 3: Agent Kanban: Persistent AI Task Management for VS Code ===

--- Execution phase (no plan) ---
Good, the item has a valid HN discussion URL. Now let me scrape the discussion page.
Now let me fetch the HN API and Group B fields in parallel.
Now let me get the current timestamp and build the patch payload.
Now let me write the patch payload and validate it.
Validation passed. Now applying the patch.
Let me verify the patch was applied correctly.
The patch wasn't retained — another parallel batch process appears to have overwritten my changes with incorrect data (from a different article about literate programming). I need to re-apply the correct patch.
Let me check if patches work at all with a simpler test.
Good — mutations work. The earlier `--file` attempts were likely overwritten by a parallel batch process. Now applying the full patch using `--set` directly.
The patch was applied successfully. All fields are now correctly updated.

<output>{
  "hnScore": 98,
  "hnCommentCount": 51,
  "previousHnCommentCount": 51,
  "commentGrowth": "0%",
  "sentimentCommunity": 55,
  "controversyScore": 22,
  "discussionRefetchCount": 3,
  "discussionNeedsRefetch": false,
  "reason": "Zero comment growth on a 4-day-old post, third refetch — discussion has fully settled. Note: document previously had incorrect discussion data from a parallel batch agent (literate programming article); correct Agent Kanban discussion analysis now applied.",
  "staleScrape": false
}</output>

<promise>COMPLETE</promise>

[ralph_json] Item 3: COMPLETE (execution phase, iteration 4).

=== Iteration 5 / 6 — Item 4: AI Agents: The Missing Link for Literate Programming ===

--- Execution phase (no plan) ---
Good, the item has a valid HN discussion URL. Now let me scrape the discussion.
Now I have a comprehensive view of the discussion. Let me also fetch the HN API metadata and Group B fields in parallel.
Now I have all the data. Let me build the patch payload.
Validation passed. Now applying the patch.
Let me verify the patch was applied correctly by fetching the document:
The patch doesn't appear to have applied. Let me test a small direct patch to diagnose:
The `--set` worked for numeric fields. Now I need to apply the full text fields patch using `--file`. Let me check if the file patch mechanism works correctly:
The values keep reverting. Let me investigate if there's a draft/published document conflict:
Something is reverting my patches. Let me check the mutate.js script to understand what's happening:
Let me check the client configuration to understand the caching behavior:
Let me check the document state directly via the Sanity API:
The commit result shows data from a completely different document! Let me get the actual document ID from the commit result:
I can see another agent is running concurrently and modifying this document. The `--set` approach works reliably, so let me apply my patch quickly using `--set` with the full payload:
The `/tmp/patch-payload.json` file is being overwritten by a concurrent agent! Let me use a unique filename:
The patch is now applying correctly with the unique filename. Let me verify it persists:
The patch is persisted successfully. All fields updated correctly.

**Activity Assessment Summary:**
- `discussionRefetchCount` was 2 (3rd refetch)
- Previous `hnCommentCount`: 252 (same as current — 0% growth)
- Post age: 4 days old
- Scrape had 252 reply links matching the API's 252 `descendants` — no staleness
- Decision: `discussionNeedsRefetch: false` (refetchCount ≥ 2, zero comment growth)

<output>{
  "hnScore": 292,
  "hnCommentCount": 252,
  "previousHnCommentCount": 252,
  "commentGrowth": "0%",
  "sentimentCommunity": 32,
  "controversyScore": 42,
  "discussionRefetchCount": 3,
  "discussionNeedsRefetch": false,
  "reason": "Third refetch (refetchCount >= 2), zero comment growth (252 -> 252), post is 4 days old — discussion has settled",
  "note": "Concurrent agent conflict detected: /tmp/patch-payload.json was being overwritten by another batch agent. Used unique temp file /tmp/patch-litprog-1773370963.json to avoid the conflict."
}</output>

<promise>COMPLETE</promise>

[ralph_json] Item 4: COMPLETE (execution phase, iteration 5).

=== Iteration 6 / 6 — Item 5: Safehouse: Secure Kernel-Level Sandboxing for AI Agents ===

--- Execution phase (no plan) ---
Good. Now let me scrape the HN discussion page.
Now let me fetch the HN API metadata and Group B fields in parallel.
Now let me get the current timestamp and build the patch payload.
